2019-07-08 17:04:18 : System.Data.SqlClient.SqlException (0x80131904): 对象名 'Argument' 无效。
   在 System.Data.SqlClient.SqlConnection.OnError(SqlException exception, Boolean breakConnection, Action`1 wrapCloseInAction)
   在 System.Data.SqlClient.SqlInternalConnection.OnError(SqlException exception, Boolean breakConnection, Action`1 wrapCloseInAction)
   在 System.Data.SqlClient.TdsParser.ThrowExceptionAndWarning(TdsParserStateObject stateObj, Boolean callerHasConnectionLock, Boolean asyncClose)
   在 System.Data.SqlClient.TdsParser.TryRun(RunBehavior runBehavior, SqlCommand cmdHandler, SqlDataReader dataStream, BulkCopySimpleResultSet bulkCopyHandler, TdsParserStateObject stateObj, Boolean& dataReady)
   在 System.Data.SqlClient.SqlDataReader.TryConsumeMetaData()
   在 System.Data.SqlClient.SqlDataReader.get_MetaData()
   在 System.Data.SqlClient.SqlCommand.FinishExecuteReader(SqlDataReader ds, RunBehavior runBehavior, String resetOptionsString, Boolean isInternal, Boolean forDescribeParameterEncryption, Boolean shouldCacheForAlwaysEncrypted)
   在 System.Data.SqlClient.SqlCommand.RunExecuteReaderTds(CommandBehavior cmdBehavior, RunBehavior runBehavior, Boolean returnStream, Boolean async, Int32 timeout, Task& task, Boolean asyncWrite, Boolean inRetry, SqlDataReader ds, Boolean describeParameterEncryptionRequest)
   在 System.Data.SqlClient.SqlCommand.RunExecuteReader(CommandBehavior cmdBehavior, RunBehavior runBehavior, Boolean returnStream, String method, TaskCompletionSource`1 completion, Int32 timeout, Task& task, Boolean& usedCache, Boolean asyncWrite, Boolean inRetry)
   在 System.Data.SqlClient.SqlCommand.RunExecuteReader(CommandBehavior cmdBehavior, RunBehavior runBehavior, Boolean returnStream, String method)
   在 System.Data.SqlClient.SqlCommand.ExecuteScalar()
   在 SqlServer.SqlProvider.ExecuteScalar(String connectionString, CommandType cmdType, String cmdText, SqlParameter[] commandParameters) 位置 D:\T-School\课程\数据库开发技术\新实验_2016\warehouseClone\WarehouseClone\SqlServer\SqlProvider.cs:行号 147
   在 SqlServer.SqlHelper.ExecuteScalar(String cmdText, SqlParameter[] commandParameters) 位置 D:\T-School\课程\数据库开发技术\新实验_2016\warehouseClone\WarehouseClone\SqlServer\SqlHelper.cs:行号 38
   在 Common.CommonService.GetParamValue(String name) 位置 D:\T-School\课程\数据库开发技术\新实验_2016\warehouseClone\WarehouseClone\Common\CommonService.cs:行号 168
   在 Warehouse.frmCompany.frmCompany_Load(Object sender, EventArgs e)
   在 System.Windows.Forms.Form.OnLoad(EventArgs e)
   在 System.Windows.Forms.Form.OnCreateControl()
   在 System.Windows.Forms.Control.CreateControl(Boolean fIgnoreVisible)
   在 System.Windows.Forms.Control.CreateControl()
   在 System.Windows.Forms.Control.SetVisibleCore(Boolean value)
   在 System.Windows.Forms.Form.SetVisibleCore(Boolean value)
   在 System.Windows.Forms.Control.Show()
   在 Warehouse.frmIndex.ShowFrom(Form fm)
   在 Warehouse.frmIndex.公司信息设置ToolStripMenuItem_Click(Object sender, EventArgs e)
   在 System.Windows.Forms.ToolStripItem.RaiseEvent(Object key, EventArgs e)
   在 System.Windows.Forms.ToolStripMenuItem.OnClick(EventArgs e)
   在 System.Windows.Forms.ToolStripItem.HandleClick(EventArgs e)
   在 System.Windows.Forms.ToolStripItem.HandleMouseUp(MouseEventArgs e)
   在 System.Windows.Forms.ToolStripItem.FireEventInteractive(EventArgs e, ToolStripItemEventType met)
   在 System.Windows.Forms.ToolStripItem.FireEvent(EventArgs e, ToolStripItemEventType met)
   在 System.Windows.Forms.ToolStrip.OnMouseUp(MouseEventArgs mea)
   在 System.Windows.Forms.ToolStripDropDown.OnMouseUp(MouseEventArgs mea)
   在 System.Windows.Forms.Control.WmMouseUp(Message& m, MouseButtons button, Int32 clicks)
   在 System.Windows.Forms.Control.WndProc(Message& m)
   在 System.Windows.Forms.ScrollableControl.WndProc(Message& m)
   在 System.Windows.Forms.ToolStrip.WndProc(Message& m)
   在 System.Windows.Forms.ToolStripDropDown.WndProc(Message& m)
   在 System.Windows.Forms.Control.ControlNativeWindow.OnMessage(Message& m)
   在 System.Windows.Forms.Control.ControlNativeWindow.WndProc(Message& m)
   在 System.Windows.Forms.NativeWindow.Callback(IntPtr hWnd, Int32 msg, IntPtr wparam, IntPtr lparam)
ClientConnectionId:0cf482ba-c352-45d6-9bde-0995d79794a2
Error Number:208,State:1,Class:16
2019-07-08 17:16:39 : System.Data.SqlClient.SqlException (0x80131904): 数据类型 text 和 varchar 在 equal to 运算符中不兼容。
   在 System.Data.SqlClient.SqlConnection.OnError(SqlException exception, Boolean breakConnection, Action`1 wrapCloseInAction)
   在 System.Data.SqlClient.SqlInternalConnection.OnError(SqlException exception, Boolean breakConnection, Action`1 wrapCloseInAction)
   在 System.Data.SqlClient.TdsParser.ThrowExceptionAndWarning(TdsParserStateObject stateObj, Boolean callerHasConnectionLock, Boolean asyncClose)
   在 System.Data.SqlClient.TdsParser.TryRun(RunBehavior runBehavior, SqlCommand cmdHandler, SqlDataReader dataStream, BulkCopySimpleResultSet bulkCopyHandler, TdsParserStateObject stateObj, Boolean& dataReady)
   在 System.Data.SqlClient.SqlCommand.FinishExecuteReader(SqlDataReader ds, RunBehavior runBehavior, String resetOptionsString, Boolean isInternal, Boolean forDescribeParameterEncryption, Boolean shouldCacheForAlwaysEncrypted)
   在 System.Data.SqlClient.SqlCommand.RunExecuteReaderTds(CommandBehavior cmdBehavior, RunBehavior runBehavior, Boolean returnStream, Boolean async, Int32 timeout, Task& task, Boolean asyncWrite, Boolean inRetry, SqlDataReader ds, Boolean describeParameterEncryptionRequest)
   在 System.Data.SqlClient.SqlCommand.RunExecuteReader(CommandBehavior cmdBehavior, RunBehavior runBehavior, Boolean returnStream, String method, TaskCompletionSource`1 completion, Int32 timeout, Task& task, Boolean& usedCache, Boolean asyncWrite, Boolean inRetry)
   在 System.Data.SqlClient.SqlCommand.InternalExecuteNonQuery(TaskCompletionSource`1 completion, String methodName, Boolean sendToPipe, Int32 timeout, Boolean& usedCache, Boolean asyncWrite, Boolean inRetry)
   在 System.Data.SqlClient.SqlCommand.ExecuteNonQuery()
   在 SqlServer.SqlProvider.ExecuteNonQuery(String connectionString, CommandType cmdType, String cmdText, SqlParameter[] commandParameters) 位置 D:\T-School\课程\数据库开发技术\新实验_2016\warehouseClone\WarehouseClone\SqlServer\SqlProvider.cs:行号 43
   在 SqlServer.SqlHelper.ExecuteNonQuery(String cmdText, SqlParameter[] commandParameters) 位置 D:\T-School\课程\数据库开发技术\新实验_2016\warehouseClone\WarehouseClone\SqlServer\SqlHelper.cs:行号 19
   在 Common.CommonService.SetParamName(String name, String value) 位置 D:\T-School\课程\数据库开发技术\新实验_2016\warehouseClone\WarehouseClone\Common\CommonService.cs:行号 195
   在 Warehouse.frmCompany.btn_Name_Click(Object sender, EventArgs e)
   在 System.Windows.Forms.Control.OnClick(EventArgs e)
   在 System.Windows.Forms.Button.OnClick(EventArgs e)
   在 System.Windows.Forms.Button.OnMouseUp(MouseEventArgs mevent)
   在 System.Windows.Forms.Control.WmMouseUp(Message& m, MouseButtons button, Int32 clicks)
   在 System.Windows.Forms.Control.WndProc(Message& m)
   在 System.Windows.Forms.ButtonBase.WndProc(Message& m)
   在 System.Windows.Forms.Button.WndProc(Message& m)
   在 System.Windows.Forms.Control.ControlNativeWindow.OnMessage(Message& m)
   在 System.Windows.Forms.Control.ControlNativeWindow.WndProc(Message& m)
   在 System.Windows.Forms.NativeWindow.Callback(IntPtr hWnd, Int32 msg, IntPtr wparam, IntPtr lparam)
ClientConnectionId:034f3e29-7b39-4312-87f6-8539dcfce04e
Error Number:402,State:1,Class:16
2019-07-08 17:19:00 : System.InvalidOperationException: 无法添加该列，原因是它被冻结并被置于未冻结的列之后。
   在 System.Windows.Forms.DataGridView.CorrectColumnFrozenState(DataGridViewColumn dataGridViewColumn, Int32 anticipatedColumnIndex)
   在 System.Windows.Forms.DataGridView.OnAddingColumn(DataGridViewColumn dataGridViewColumn)
   在 System.Windows.Forms.DataGridViewColumnCollection.Add(DataGridViewColumn dataGridViewColumn)
   在 System.Windows.Forms.DataGridView.CorrectColumnFrozenStates(DataGridViewColumn[] dataGridViewColumns)
   在 System.Windows.Forms.DataGridView.OnAddingColumns(DataGridViewColumn[] dataGridViewColumns)
   在 System.Windows.Forms.DataGridViewColumnCollection.AddRange(DataGridViewColumn[] dataGridViewColumns)
   在 Warehouse.frmCustomer.InitializeComponent()
   在 Warehouse.frmCustomer..ctor()
   在 Warehouse.frmIndex.客户管理ToolStripMenuItem1_Click(Object sender, EventArgs e)
   在 System.Windows.Forms.ToolStripItem.RaiseEvent(Object key, EventArgs e)
   在 System.Windows.Forms.ToolStripMenuItem.OnClick(EventArgs e)
   在 System.Windows.Forms.ToolStripItem.HandleClick(EventArgs e)
   在 System.Windows.Forms.ToolStripItem.HandleMouseUp(MouseEventArgs e)
   在 System.Windows.Forms.ToolStripItem.FireEventInteractive(EventArgs e, ToolStripItemEventType met)
   在 System.Windows.Forms.ToolStripItem.FireEvent(EventArgs e, ToolStripItemEventType met)
   在 System.Windows.Forms.ToolStrip.OnMouseUp(MouseEventArgs mea)
   在 System.Windows.Forms.ToolStripDropDown.OnMouseUp(MouseEventArgs mea)
   在 System.Windows.Forms.Control.WmMouseUp(Message& m, MouseButtons button, Int32 clicks)
   在 System.Windows.Forms.Control.WndProc(Message& m)
   在 System.Windows.Forms.ScrollableControl.WndProc(Message& m)
   在 System.Windows.Forms.ToolStrip.WndProc(Message& m)
   在 System.Windows.Forms.ToolStripDropDown.WndProc(Message& m)
   在 System.Windows.Forms.Control.ControlNativeWindow.OnMessage(Message& m)
   在 System.Windows.Forms.Control.ControlNativeWindow.WndProc(Message& m)
   在 System.Windows.Forms.NativeWindow.Callback(IntPtr hWnd, Int32 msg, IntPtr wparam, IntPtr lparam)
2019-07-10 13:23:11 : 在与 SQL Server 建立连接时出现与网络相关的或特定于实例的错误。未找到或无法访问服务器。请验证实例名称是否正确并且 SQL Server 已配置为允许远程连接。 (provider: TCP Provider, error: 0 - 等待的操作过时。)
